<?xml version="1.0" encoding="UTF-8"?>
<testng-results ignored="0" total="1" passed="1" failed="0" skipped="0">
  <reporter-output>
  </reporter-output>
  <suite started-at="2026-03-27T09:56:51 IST" name="Default suite" finished-at="2026-03-27T09:58:07 IST" duration-ms="76019">
    <groups>
    </groups>
    <test started-at="2026-03-27T09:56:51 IST" name="Default test" finished-at="2026-03-27T09:58:07 IST" duration-ms="76019">
      <class name="tests.OrangeHRMCaseStudyTest">
        <test-method is-config="true" signature="setUp()[pri:0, instance:tests.OrangeHRMCaseStudyTest@4116aac9]" started-at="2026-03-27T09:56:51 IST" name="setUp" finished-at="2026-03-27T09:56:55 IST" duration-ms="4083" status="PASS">
          <reporter-output>
          </reporter-output>
        </test-method> <!-- setUp -->
        <test-method signature="caseStudy_deleteSkillsSet_simple()[pri:0, instance:tests.OrangeHRMCaseStudyTest@4116aac9]" started-at="2026-03-27T09:56:55 IST" name="caseStudy_deleteSkillsSet_simple" finished-at="2026-03-27T09:58:04 IST" duration-ms="69277" status="PASS">
          <reporter-output>
          </reporter-output>
        </test-method> <!-- caseStudy_deleteSkillsSet_simple -->
        <test-method is-config="true" signature="tearDown()[pri:0, instance:tests.OrangeHRMCaseStudyTest@4116aac9]" started-at="2026-03-27T09:58:04 IST" name="tearDown" finished-at="2026-03-27T09:58:07 IST" duration-ms="2608" status="PASS">
          <reporter-output>
          </reporter-output>
        </test-method> <!-- tearDown -->
      </class> <!-- tests.OrangeHRMCaseStudyTest -->
    </test> <!-- Default test -->
  </suite> <!-- Default suite -->
</testng-results>
